[  0%] Built target geometry_msgs_generate_messages_py
[  0%] Built target std_msgs_generate_messages_py
[  0%] Built target sensor_msgs_generate_messages_py
[  0%] Built target std_msgs_generate_messages_eus
[  0%] Built target sensor_msgs_generate_messages_cpp
[  0%] Built target std_msgs_generate_messages_cpp
[  0%] Built target sensor_msgs_generate_messages_eus
[  0%] Built target std_msgs_generate_messages_nodejs
[  0%] Built target geometry_msgs_generate_messages_eus
[  0%] Built target sensor_msgs_generate_messages_lisp
[  0%] Built target std_msgs_generate_messages_lisp
[  0%] Built target geometry_msgs_generate_messages_cpp
[  0%] Built target geometry_msgs_generate_messages_lisp
[  0%] Built target sensor_msgs_generate_messages_nodejs
[  0%] Built target geometry_msgs_generate_messages_nodejs
[  0%] Built target _robot_msgs_generate_messages_check_deps_RobotState
[  0%] Built target _robot_msgs_generate_messages_check_deps_RobotCommand
[  0%] Built target _robot_msgs_generate_messages_check_deps_MotorState
[  0%] Built target _robot_msgs_generate_messages_check_deps_IMU
[  0%] Built target _robot_msgs_generate_messages_check_deps_MotorCommand
[ 18%] Built target robot_msgs_generate_messages_cpp
[ 40%] Built target robot_msgs_generate_messages_eus
[ 59%] Built target robot_msgs_generate_messages_nodejs
[ 77%] Built target robot_msgs_generate_messages_lisp
[100%] Built target robot_msgs_generate_messages_py
[100%] Built target robot_msgs_generate_messages
