Symlinking /home/aoqian/rl_sar_xzh/devel/lib/pkgconfig/robot_msgs.pc
Symlinking /home/aoqian/rl_sar_xzh/devel/lib/python3/dist-packages/robot_msgs/__init__.py
Symlinking /home/aoqian/rl_sar_xzh/devel/lib/python3/dist-packages/robot_msgs/msg/_IMU.py
Symlinking /home/aoqian/rl_sar_xzh/devel/lib/python3/dist-packages/robot_msgs/msg/_MotorCommand.py
Symlinking /home/aoqian/rl_sar_xzh/devel/lib/python3/dist-packages/robot_msgs/msg/_MotorState.py
Symlinking /home/aoqian/rl_sar_xzh/devel/lib/python3/dist-packages/robot_msgs/msg/_RobotState.py
Symlinking /home/aoqian/rl_sar_xzh/devel/lib/python3/dist-packages/robot_msgs/msg/__init__.py
Symlinking /home/aoqian/rl_sar_xzh/devel/lib/python3/dist-packages/robot_msgs/msg/_RobotCommand.py
Symlinking /home/aoqian/rl_sar_xzh/devel/include/robot_msgs/RobotCommand.h
Symlinking /home/aoqian/rl_sar_xzh/devel/include/robot_msgs/MotorState.h
Symlinking /home/aoqian/rl_sar_xzh/devel/include/robot_msgs/IMU.h
Symlinking /home/aoqian/rl_sar_xzh/devel/include/robot_msgs/RobotState.h
Symlinking /home/aoqian/rl_sar_xzh/devel/include/robot_msgs/MotorCommand.h
Symlinking /home/aoqian/rl_sar_xzh/devel/share/common-lisp/ros/robot_msgs/msg/MotorCommand.lisp
Symlinking /home/aoqian/rl_sar_xzh/devel/share/common-lisp/ros/robot_msgs/msg/_package_RobotCommand.lisp
Symlinking /home/aoqian/rl_sar_xzh/devel/share/common-lisp/ros/robot_msgs/msg/RobotState.lisp
Symlinking /home/aoqian/rl_sar_xzh/devel/share/common-lisp/ros/robot_msgs/msg/_package_RobotState.lisp
Symlinking /home/aoqian/rl_sar_xzh/devel/share/common-lisp/ros/robot_msgs/msg/_package_MotorState.lisp
Symlinking /home/aoqian/rl_sar_xzh/devel/share/common-lisp/ros/robot_msgs/msg/_package.lisp
Symlinking /home/aoqian/rl_sar_xzh/devel/share/common-lisp/ros/robot_msgs/msg/MotorState.lisp
Symlinking /home/aoqian/rl_sar_xzh/devel/share/common-lisp/ros/robot_msgs/msg/_package_MotorCommand.lisp
Symlinking /home/aoqian/rl_sar_xzh/devel/share/common-lisp/ros/robot_msgs/msg/RobotCommand.lisp
Symlinking /home/aoqian/rl_sar_xzh/devel/share/common-lisp/ros/robot_msgs/msg/_package_IMU.lisp
Symlinking /home/aoqian/rl_sar_xzh/devel/share/common-lisp/ros/robot_msgs/msg/robot_msgs-msg.asd
Symlinking /home/aoqian/rl_sar_xzh/devel/share/common-lisp/ros/robot_msgs/msg/IMU.lisp
Symlinking /home/aoqian/rl_sar_xzh/devel/share/roseus/ros/robot_msgs/manifest.l
Symlinking /home/aoqian/rl_sar_xzh/devel/share/roseus/ros/robot_msgs/msg/MotorState.l
Symlinking /home/aoqian/rl_sar_xzh/devel/share/roseus/ros/robot_msgs/msg/RobotState.l
Symlinking /home/aoqian/rl_sar_xzh/devel/share/roseus/ros/robot_msgs/msg/MotorCommand.l
Symlinking /home/aoqian/rl_sar_xzh/devel/share/roseus/ros/robot_msgs/msg/IMU.l
Symlinking /home/aoqian/rl_sar_xzh/devel/share/roseus/ros/robot_msgs/msg/RobotCommand.l
Symlinking /home/aoqian/rl_sar_xzh/devel/share/robot_msgs/cmake/robot_msgsConfig.cmake
Symlinking /home/aoqian/rl_sar_xzh/devel/share/robot_msgs/cmake/robot_msgs-msg-paths.cmake
Symlinking /home/aoqian/rl_sar_xzh/devel/share/robot_msgs/cmake/robot_msgs-msg-extras.cmake
Symlinking /home/aoqian/rl_sar_xzh/devel/share/robot_msgs/cmake/robot_msgsConfig-version.cmake
Symlinking /home/aoqian/rl_sar_xzh/devel/share/gennodejs/ros/robot_msgs/_index.js
Symlinking /home/aoqian/rl_sar_xzh/devel/share/gennodejs/ros/robot_msgs/msg/_index.js
Symlinking /home/aoqian/rl_sar_xzh/devel/share/gennodejs/ros/robot_msgs/msg/MotorCommand.js
Symlinking /home/aoqian/rl_sar_xzh/devel/share/gennodejs/ros/robot_msgs/msg/IMU.js
Symlinking /home/aoqian/rl_sar_xzh/devel/share/gennodejs/ros/robot_msgs/msg/MotorState.js
Symlinking /home/aoqian/rl_sar_xzh/devel/share/gennodejs/ros/robot_msgs/msg/RobotCommand.js
Symlinking /home/aoqian/rl_sar_xzh/devel/share/gennodejs/ros/robot_msgs/msg/RobotState.js
Cleaning: (/home/wang/Zihao/rl_sar/devel/.private/robot_msgs/cmake.lock, /home/wang/Zihao/rl_sar/devel/./cmake.lock)
Cleaning: (/home/wang/Zihao/rl_sar/devel/.private/robot_msgs/lib/pkgconfig/robot_msgs.pc, /home/wang/Zihao/rl_sar/devel/lib/pkgconfig/robot_msgs.pc)
Cleaning: (/home/wang/Zihao/rl_sar/devel/.private/robot_msgs/lib/python3/dist-packages/robot_msgs/__init__.py, /home/wang/Zihao/rl_sar/devel/lib/python3/dist-packages/robot_msgs/__init__.py)
Cleaning: (/home/wang/Zihao/rl_sar/devel/.private/robot_msgs/lib/python3/dist-packages/robot_msgs/msg/_MotorState.py, /home/wang/Zihao/rl_sar/devel/lib/python3/dist-packages/robot_msgs/msg/_MotorState.py)
Cleaning: (/home/wang/Zihao/rl_sar/devel/.private/robot_msgs/lib/python3/dist-packages/robot_msgs/msg/__init__.py, /home/wang/Zihao/rl_sar/devel/lib/python3/dist-packages/robot_msgs/msg/__init__.py)
Cleaning: (/home/wang/Zihao/rl_sar/devel/.private/robot_msgs/lib/python3/dist-packages/robot_msgs/msg/_RobotCommand.py, /home/wang/Zihao/rl_sar/devel/lib/python3/dist-packages/robot_msgs/msg/_RobotCommand.py)
Cleaning: (/home/wang/Zihao/rl_sar/devel/.private/robot_msgs/lib/python3/dist-packages/robot_msgs/msg/_IMU.py, /home/wang/Zihao/rl_sar/devel/lib/python3/dist-packages/robot_msgs/msg/_IMU.py)
Cleaning: (/home/wang/Zihao/rl_sar/devel/.private/robot_msgs/lib/python3/dist-packages/robot_msgs/msg/_MotorCommand.py, /home/wang/Zihao/rl_sar/devel/lib/python3/dist-packages/robot_msgs/msg/_MotorCommand.py)
Cleaning: (/home/wang/Zihao/rl_sar/devel/.private/robot_msgs/lib/python3/dist-packages/robot_msgs/msg/_RobotState.py, /home/wang/Zihao/rl_sar/devel/lib/python3/dist-packages/robot_msgs/msg/_RobotState.py)
Cleaning: (/home/wang/Zihao/rl_sar/devel/.private/robot_msgs/include/robot_msgs/RobotCommand.h, /home/wang/Zihao/rl_sar/devel/include/robot_msgs/RobotCommand.h)
Cleaning: (/home/wang/Zihao/rl_sar/devel/.private/robot_msgs/include/robot_msgs/RobotState.h, /home/wang/Zihao/rl_sar/devel/include/robot_msgs/RobotState.h)
Cleaning: (/home/wang/Zihao/rl_sar/devel/.private/robot_msgs/include/robot_msgs/MotorState.h, /home/wang/Zihao/rl_sar/devel/include/robot_msgs/MotorState.h)
Cleaning: (/home/wang/Zihao/rl_sar/devel/.private/robot_msgs/include/robot_msgs/IMU.h, /home/wang/Zihao/rl_sar/devel/include/robot_msgs/IMU.h)
Cleaning: (/home/wang/Zihao/rl_sar/devel/.private/robot_msgs/include/robot_msgs/MotorCommand.h, /home/wang/Zihao/rl_sar/devel/include/robot_msgs/MotorCommand.h)
Cleaning: (/home/wang/Zihao/rl_sar/devel/.private/robot_msgs/share/roseus/ros/robot_msgs/manifest.l, /home/wang/Zihao/rl_sar/devel/share/roseus/ros/robot_msgs/manifest.l)
Cleaning: (/home/wang/Zihao/rl_sar/devel/.private/robot_msgs/share/roseus/ros/robot_msgs/msg/MotorState.l, /home/wang/Zihao/rl_sar/devel/share/roseus/ros/robot_msgs/msg/MotorState.l)
Cleaning: (/home/wang/Zihao/rl_sar/devel/.private/robot_msgs/share/roseus/ros/robot_msgs/msg/IMU.l, /home/wang/Zihao/rl_sar/devel/share/roseus/ros/robot_msgs/msg/IMU.l)
Cleaning: (/home/wang/Zihao/rl_sar/devel/.private/robot_msgs/share/roseus/ros/robot_msgs/msg/RobotState.l, /home/wang/Zihao/rl_sar/devel/share/roseus/ros/robot_msgs/msg/RobotState.l)
Cleaning: (/home/wang/Zihao/rl_sar/devel/.private/robot_msgs/share/roseus/ros/robot_msgs/msg/MotorCommand.l, /home/wang/Zihao/rl_sar/devel/share/roseus/ros/robot_msgs/msg/MotorCommand.l)
Cleaning: (/home/wang/Zihao/rl_sar/devel/.private/robot_msgs/share/roseus/ros/robot_msgs/msg/RobotCommand.l, /home/wang/Zihao/rl_sar/devel/share/roseus/ros/robot_msgs/msg/RobotCommand.l)
Cleaning: (/home/wang/Zihao/rl_sar/devel/.private/robot_msgs/share/gennodejs/ros/robot_msgs/_index.js, /home/wang/Zihao/rl_sar/devel/share/gennodejs/ros/robot_msgs/_index.js)
Cleaning: (/home/wang/Zihao/rl_sar/devel/.private/robot_msgs/share/gennodejs/ros/robot_msgs/msg/_index.js, /home/wang/Zihao/rl_sar/devel/share/gennodejs/ros/robot_msgs/msg/_index.js)
Cleaning: (/home/wang/Zihao/rl_sar/devel/.private/robot_msgs/share/gennodejs/ros/robot_msgs/msg/MotorState.js, /home/wang/Zihao/rl_sar/devel/share/gennodejs/ros/robot_msgs/msg/MotorState.js)
Cleaning: (/home/wang/Zihao/rl_sar/devel/.private/robot_msgs/share/gennodejs/ros/robot_msgs/msg/RobotState.js, /home/wang/Zihao/rl_sar/devel/share/gennodejs/ros/robot_msgs/msg/RobotState.js)
Cleaning: (/home/wang/Zihao/rl_sar/devel/.private/robot_msgs/share/gennodejs/ros/robot_msgs/msg/MotorCommand.js, /home/wang/Zihao/rl_sar/devel/share/gennodejs/ros/robot_msgs/msg/MotorCommand.js)
Cleaning: (/home/wang/Zihao/rl_sar/devel/.private/robot_msgs/share/gennodejs/ros/robot_msgs/msg/RobotCommand.js, /home/wang/Zihao/rl_sar/devel/share/gennodejs/ros/robot_msgs/msg/RobotCommand.js)
Cleaning: (/home/wang/Zihao/rl_sar/devel/.private/robot_msgs/share/gennodejs/ros/robot_msgs/msg/IMU.js, /home/wang/Zihao/rl_sar/devel/share/gennodejs/ros/robot_msgs/msg/IMU.js)
Cleaning: (/home/wang/Zihao/rl_sar/devel/.private/robot_msgs/share/common-lisp/ros/robot_msgs/msg/_package_RobotState.lisp, /home/wang/Zihao/rl_sar/devel/share/common-lisp/ros/robot_msgs/msg/_package_RobotState.lisp)
Cleaning: (/home/wang/Zihao/rl_sar/devel/.private/robot_msgs/share/common-lisp/ros/robot_msgs/msg/RobotState.lisp, /home/wang/Zihao/rl_sar/devel/share/common-lisp/ros/robot_msgs/msg/RobotState.lisp)
Cleaning: (/home/wang/Zihao/rl_sar/devel/.private/robot_msgs/share/common-lisp/ros/robot_msgs/msg/MotorState.lisp, /home/wang/Zihao/rl_sar/devel/share/common-lisp/ros/robot_msgs/msg/MotorState.lisp)
Cleaning: (/home/wang/Zihao/rl_sar/devel/.private/robot_msgs/share/common-lisp/ros/robot_msgs/msg/robot_msgs-msg.asd, /home/wang/Zihao/rl_sar/devel/share/common-lisp/ros/robot_msgs/msg/robot_msgs-msg.asd)
Cleaning: (/home/wang/Zihao/rl_sar/devel/.private/robot_msgs/share/common-lisp/ros/robot_msgs/msg/_package_RobotCommand.lisp, /home/wang/Zihao/rl_sar/devel/share/common-lisp/ros/robot_msgs/msg/_package_RobotCommand.lisp)
Cleaning: (/home/wang/Zihao/rl_sar/devel/.private/robot_msgs/share/common-lisp/ros/robot_msgs/msg/_package_IMU.lisp, /home/wang/Zihao/rl_sar/devel/share/common-lisp/ros/robot_msgs/msg/_package_IMU.lisp)
Cleaning: (/home/wang/Zihao/rl_sar/devel/.private/robot_msgs/share/common-lisp/ros/robot_msgs/msg/RobotCommand.lisp, /home/wang/Zihao/rl_sar/devel/share/common-lisp/ros/robot_msgs/msg/RobotCommand.lisp)
Cleaning: (/home/wang/Zihao/rl_sar/devel/.private/robot_msgs/share/common-lisp/ros/robot_msgs/msg/_package.lisp, /home/wang/Zihao/rl_sar/devel/share/common-lisp/ros/robot_msgs/msg/_package.lisp)
Cleaning: (/home/wang/Zihao/rl_sar/devel/.private/robot_msgs/share/common-lisp/ros/robot_msgs/msg/_package_MotorState.lisp, /home/wang/Zihao/rl_sar/devel/share/common-lisp/ros/robot_msgs/msg/_package_MotorState.lisp)
Cleaning: (/home/wang/Zihao/rl_sar/devel/.private/robot_msgs/share/common-lisp/ros/robot_msgs/msg/_package_MotorCommand.lisp, /home/wang/Zihao/rl_sar/devel/share/common-lisp/ros/robot_msgs/msg/_package_MotorCommand.lisp)
Cleaning: (/home/wang/Zihao/rl_sar/devel/.private/robot_msgs/share/common-lisp/ros/robot_msgs/msg/IMU.lisp, /home/wang/Zihao/rl_sar/devel/share/common-lisp/ros/robot_msgs/msg/IMU.lisp)
Cleaning: (/home/wang/Zihao/rl_sar/devel/.private/robot_msgs/share/common-lisp/ros/robot_msgs/msg/MotorCommand.lisp, /home/wang/Zihao/rl_sar/devel/share/common-lisp/ros/robot_msgs/msg/MotorCommand.lisp)
Cleaning: (/home/wang/Zihao/rl_sar/devel/.private/robot_msgs/share/robot_msgs/cmake/robot_msgsConfig-version.cmake, /home/wang/Zihao/rl_sar/devel/share/robot_msgs/cmake/robot_msgsConfig-version.cmake)
Cleaning: (/home/wang/Zihao/rl_sar/devel/.private/robot_msgs/share/robot_msgs/cmake/robot_msgsConfig.cmake, /home/wang/Zihao/rl_sar/devel/share/robot_msgs/cmake/robot_msgsConfig.cmake)
Cleaning: (/home/wang/Zihao/rl_sar/devel/.private/robot_msgs/share/robot_msgs/cmake/robot_msgs-msg-paths.cmake, /home/wang/Zihao/rl_sar/devel/share/robot_msgs/cmake/robot_msgs-msg-paths.cmake)
Cleaning: (/home/wang/Zihao/rl_sar/devel/.private/robot_msgs/share/robot_msgs/cmake/robot_msgs-msg-extras.cmake, /home/wang/Zihao/rl_sar/devel/share/robot_msgs/cmake/robot_msgs-msg-extras.cmake)
Unlinking: /home/wang/Zihao/rl_sar/devel/lib/pkgconfig/robot_msgs.pc
Already unlinked: {}
Unlinking: /home/wang/Zihao/rl_sar/devel/lib/python3/dist-packages/robot_msgs/__init__.py
Already unlinked: {}
Unlinking: /home/wang/Zihao/rl_sar/devel/lib/python3/dist-packages/robot_msgs/msg/_MotorState.py
Already unlinked: {}
Unlinking: /home/wang/Zihao/rl_sar/devel/lib/python3/dist-packages/robot_msgs/msg/__init__.py
Already unlinked: {}
Unlinking: /home/wang/Zihao/rl_sar/devel/lib/python3/dist-packages/robot_msgs/msg/_RobotCommand.py
Already unlinked: {}
Unlinking: /home/wang/Zihao/rl_sar/devel/lib/python3/dist-packages/robot_msgs/msg/_IMU.py
Already unlinked: {}
Unlinking: /home/wang/Zihao/rl_sar/devel/lib/python3/dist-packages/robot_msgs/msg/_MotorCommand.py
Already unlinked: {}
Unlinking: /home/wang/Zihao/rl_sar/devel/lib/python3/dist-packages/robot_msgs/msg/_RobotState.py
Already unlinked: {}
Unlinking: /home/wang/Zihao/rl_sar/devel/include/robot_msgs/RobotCommand.h
Already unlinked: {}
Unlinking: /home/wang/Zihao/rl_sar/devel/include/robot_msgs/RobotState.h
Already unlinked: {}
Unlinking: /home/wang/Zihao/rl_sar/devel/include/robot_msgs/MotorState.h
Already unlinked: {}
Unlinking: /home/wang/Zihao/rl_sar/devel/include/robot_msgs/IMU.h
Already unlinked: {}
Unlinking: /home/wang/Zihao/rl_sar/devel/include/robot_msgs/MotorCommand.h
Already unlinked: {}
Unlinking: /home/wang/Zihao/rl_sar/devel/share/roseus/ros/robot_msgs/manifest.l
Already unlinked: {}
Unlinking: /home/wang/Zihao/rl_sar/devel/share/roseus/ros/robot_msgs/msg/MotorState.l
Already unlinked: {}
Unlinking: /home/wang/Zihao/rl_sar/devel/share/roseus/ros/robot_msgs/msg/IMU.l
Already unlinked: {}
Unlinking: /home/wang/Zihao/rl_sar/devel/share/roseus/ros/robot_msgs/msg/RobotState.l
Already unlinked: {}
Unlinking: /home/wang/Zihao/rl_sar/devel/share/roseus/ros/robot_msgs/msg/MotorCommand.l
Already unlinked: {}
Unlinking: /home/wang/Zihao/rl_sar/devel/share/roseus/ros/robot_msgs/msg/RobotCommand.l
Already unlinked: {}
Unlinking: /home/wang/Zihao/rl_sar/devel/share/gennodejs/ros/robot_msgs/_index.js
Already unlinked: {}
Unlinking: /home/wang/Zihao/rl_sar/devel/share/gennodejs/ros/robot_msgs/msg/_index.js
Already unlinked: {}
Unlinking: /home/wang/Zihao/rl_sar/devel/share/gennodejs/ros/robot_msgs/msg/MotorState.js
Already unlinked: {}
Unlinking: /home/wang/Zihao/rl_sar/devel/share/gennodejs/ros/robot_msgs/msg/RobotState.js
Already unlinked: {}
Unlinking: /home/wang/Zihao/rl_sar/devel/share/gennodejs/ros/robot_msgs/msg/MotorCommand.js
Already unlinked: {}
Unlinking: /home/wang/Zihao/rl_sar/devel/share/gennodejs/ros/robot_msgs/msg/RobotCommand.js
Already unlinked: {}
Unlinking: /home/wang/Zihao/rl_sar/devel/share/gennodejs/ros/robot_msgs/msg/IMU.js
Already unlinked: {}
Unlinking: /home/wang/Zihao/rl_sar/devel/share/common-lisp/ros/robot_msgs/msg/_package_RobotState.lisp
Already unlinked: {}
Unlinking: /home/wang/Zihao/rl_sar/devel/share/common-lisp/ros/robot_msgs/msg/RobotState.lisp
Already unlinked: {}
Unlinking: /home/wang/Zihao/rl_sar/devel/share/common-lisp/ros/robot_msgs/msg/MotorState.lisp
Already unlinked: {}
Unlinking: /home/wang/Zihao/rl_sar/devel/share/common-lisp/ros/robot_msgs/msg/robot_msgs-msg.asd
Already unlinked: {}
Unlinking: /home/wang/Zihao/rl_sar/devel/share/common-lisp/ros/robot_msgs/msg/_package_RobotCommand.lisp
Already unlinked: {}
Unlinking: /home/wang/Zihao/rl_sar/devel/share/common-lisp/ros/robot_msgs/msg/_package_IMU.lisp
Already unlinked: {}
Unlinking: /home/wang/Zihao/rl_sar/devel/share/common-lisp/ros/robot_msgs/msg/RobotCommand.lisp
Already unlinked: {}
Unlinking: /home/wang/Zihao/rl_sar/devel/share/common-lisp/ros/robot_msgs/msg/_package.lisp
Already unlinked: {}
Unlinking: /home/wang/Zihao/rl_sar/devel/share/common-lisp/ros/robot_msgs/msg/_package_MotorState.lisp
Already unlinked: {}
Unlinking: /home/wang/Zihao/rl_sar/devel/share/common-lisp/ros/robot_msgs/msg/_package_MotorCommand.lisp
Already unlinked: {}
Unlinking: /home/wang/Zihao/rl_sar/devel/share/common-lisp/ros/robot_msgs/msg/IMU.lisp
Already unlinked: {}
Unlinking: /home/wang/Zihao/rl_sar/devel/share/common-lisp/ros/robot_msgs/msg/MotorCommand.lisp
Already unlinked: {}
Unlinking: /home/wang/Zihao/rl_sar/devel/share/robot_msgs/cmake/robot_msgsConfig-version.cmake
Already unlinked: {}
Unlinking: /home/wang/Zihao/rl_sar/devel/share/robot_msgs/cmake/robot_msgsConfig.cmake
Already unlinked: {}
Unlinking: /home/wang/Zihao/rl_sar/devel/share/robot_msgs/cmake/robot_msgs-msg-paths.cmake
Already unlinked: {}
Unlinking: /home/wang/Zihao/rl_sar/devel/share/robot_msgs/cmake/robot_msgs-msg-extras.cmake
Already unlinked: {}
