[35m[1mScanning dependencies of target _robot_msgs_generate_messages_check_deps_MotorState[0m
[35m[1mScanning dependencies of target _robot_msgs_generate_messages_check_deps_IMU[0m
[35m[1mScanning dependencies of target geometry_msgs_generate_messages_nodejs[0m
[35m[1mScanning dependencies of target std_msgs_generate_messages_lisp[0m
[35m[1mScanning dependencies of target sensor_msgs_generate_messages_nodejs[0m
[35m[1mScanning dependencies of target _robot_msgs_generate_messages_check_deps_RobotState[0m
[35m[1mScanning dependencies of target sensor_msgs_generate_messages_py[0m
[35m[1mScanning dependencies of target sensor_msgs_generate_messages_lisp[0m
[35m[1mScanning dependencies of target geometry_msgs_generate_messages_cpp[0m
[35m[1mScanning dependencies of target geometry_msgs_generate_messages_eus[0m
[35m[1mScanning dependencies of target _robot_msgs_generate_messages_check_deps_RobotCommand[0m
[35m[1mScanning dependencies of target sensor_msgs_generate_messages_eus[0m
[35m[1mScanning dependencies of target geometry_msgs_generate_messages_lisp[0m
[35m[1mScanning dependencies of target sensor_msgs_generate_messages_cpp[0m
[35m[1mScanning dependencies of target std_msgs_generate_messages_eus[0m
[35m[1mScanning dependencies of target std_msgs_generate_messages_py[0m
[35m[1mScanning dependencies of target _robot_msgs_generate_messages_check_deps_MotorCommand[0m
[35m[1mScanning dependencies of target std_msgs_generate_messages_nodejs[0m
[35m[1mScanning dependencies of target geometry_msgs_generate_messages_py[0m
[35m[1mScanning dependencies of target std_msgs_generate_messages_cpp[0m
[  0%] Built target std_msgs_generate_messages_lisp
[  0%] Built target geometry_msgs_generate_messages_nodejs
[  0%] Built target geometry_msgs_generate_messages_cpp
[  0%] Built target sensor_msgs_generate_messages_lisp
[  0%] Built target geometry_msgs_generate_messages_eus
[  0%] Built target geometry_msgs_generate_messages_lisp
[  0%] Built target std_msgs_generate_messages_eus
[  0%] Built target std_msgs_generate_messages_py
[  0%] Built target sensor_msgs_generate_messages_nodejs
[  0%] Built target sensor_msgs_generate_messages_py
[  0%] Built target sensor_msgs_generate_messages_cpp
[  0%] Built target sensor_msgs_generate_messages_eus
[  0%] Built target std_msgs_generate_messages_nodejs
[  0%] Built target geometry_msgs_generate_messages_py
[  0%] Built target std_msgs_generate_messages_cpp
[  0%] Built target _robot_msgs_generate_messages_check_deps_RobotState
[  0%] Built target _robot_msgs_generate_messages_check_deps_MotorState
[  0%] Built target _robot_msgs_generate_messages_check_deps_IMU
[  0%] Built target _robot_msgs_generate_messages_check_deps_RobotCommand
[  0%] Built target _robot_msgs_generate_messages_check_deps_MotorCommand
[35m[1mScanning dependencies of target robot_msgs_generate_messages_nodejs[0m
[35m[1mScanning dependencies of target robot_msgs_generate_messages_py[0m
[35m[1mScanning dependencies of target robot_msgs_generate_messages_eus[0m
[35m[1mScanning dependencies of target robot_msgs_generate_messages_lisp[0m
[35m[1mScanning dependencies of target robot_msgs_generate_messages_cpp[0m
[  3%] [34m[1mGenerating Lisp code from robot_msgs/RobotState.msg[0m
[  7%] [34m[1mGenerating Lisp code from robot_msgs/IMU.msg[0m
[ 11%] [34m[1mGenerating C++ code from robot_msgs/MotorCommand.msg[0m
[ 14%] [34m[1mGenerating EusLisp code from robot_msgs/MotorState.msg[0m
[ 22%] [34m[1mGenerating Javascript code from robot_msgs/MotorState.msg[0m
[ 22%] [34m[1mGenerating EusLisp code from robot_msgs/MotorCommand.msg[0m
[ 29%] [34m[1mGenerating C++ code from robot_msgs/RobotState.msg[0m
[ 29%] [34m[1mGenerating EusLisp code from robot_msgs/RobotCommand.msg[0m
[ 33%] [34m[1mGenerating Lisp code from robot_msgs/RobotCommand.msg[0m
[ 48%] [34m[1mGenerating Lisp code from robot_msgs/MotorCommand.msg[0m
[ 48%] [34m[1mGenerating Python from MSG robot_msgs/MotorCommand[0m
[ 48%] [34m[1mGenerating Lisp code from robot_msgs/MotorState.msg[0m
[ 48%] [34m[1mGenerating C++ code from robot_msgs/MotorState.msg[0m
[ 51%] [34m[1mGenerating Javascript code from robot_msgs/RobotCommand.msg[0m
[ 59%] [34m[1mGenerating C++ code from robot_msgs/RobotCommand.msg[0m
[ 59%] [34m[1mGenerating Javascript code from robot_msgs/MotorCommand.msg[0m
[ 62%] [34m[1mGenerating EusLisp code from robot_msgs/RobotState.msg[0m
[ 66%] [34m[1mGenerating Python from MSG robot_msgs/RobotCommand[0m
[ 74%] [34m[1mGenerating Javascript code from robot_msgs/RobotState.msg[0m
[ 74%] [34m[1mGenerating EusLisp code from robot_msgs/IMU.msg[0m
[ 77%] [34m[1mGenerating C++ code from robot_msgs/IMU.msg[0m
[ 81%] [34m[1mGenerating Javascript code from robot_msgs/IMU.msg[0m
[ 85%] [34m[1mGenerating Python from MSG robot_msgs/RobotState[0m
[ 88%] [34m[1mGenerating EusLisp manifest code for robot_msgs[0m
[ 96%] [34m[1mGenerating Python from MSG robot_msgs/IMU[0m
[ 96%] [34m[1mGenerating Python from MSG robot_msgs/MotorState[0m
[ 96%] Built target robot_msgs_generate_messages_lisp
[ 96%] Built target robot_msgs_generate_messages_nodejs
[ 96%] Built target robot_msgs_generate_messages_cpp
[100%] [34m[1mGenerating Python msg __init__.py for robot_msgs[0m
[100%] Built target robot_msgs_generate_messages_py
[100%] Built target robot_msgs_generate_messages_eus
[35m[1mScanning dependencies of target robot_msgs_generate_messages[0m
[100%] Built target robot_msgs_generate_messages
