[  0%] Built target std_msgs_generate_messages_lisp
[  0%] Built target std_msgs_generate_messages_eus
[  0%] Built target std_msgs_generate_messages_nodejs
[  0%] Built target sensor_msgs_generate_messages_nodejs
[  0%] Built target sensor_msgs_generate_messages_py
[  0%] Built target geometry_msgs_generate_messages_lisp
[  0%] Built target geometry_msgs_generate_messages_eus
[  0%] Built target sensor_msgs_generate_messages_lisp
[  0%] Built target geometry_msgs_generate_messages_cpp
[  0%] Built target std_msgs_generate_messages_cpp
[  0%] Built target geometry_msgs_generate_messages_nodejs
[  0%] Built target sensor_msgs_generate_messages_cpp
[  0%] Built target sensor_msgs_generate_messages_eus
[  0%] Built target geometry_msgs_generate_messages_py
[  0%] Built target std_msgs_generate_messages_py
[  0%] Built target _robot_msgs_generate_messages_check_deps_MotorCommand
[  0%] Built target _robot_msgs_generate_messages_check_deps_RobotState
[  0%] Built target _robot_msgs_generate_messages_check_deps_MotorState
[  0%] Built target _robot_msgs_generate_messages_check_deps_RobotCommand
[  0%] Built target _robot_msgs_generate_messages_check_deps_IMU
[ 18%] Built target robot_msgs_generate_messages_nodejs
[ 37%] Built target robot_msgs_generate_messages_lisp
[ 55%] Built target robot_msgs_generate_messages_cpp
[ 77%] Built target robot_msgs_generate_messages_py
[100%] Built target robot_msgs_generate_messages_eus
[100%] Built target robot_msgs_generate_messages
